Success (2):
group 892 _e-0000ef01-1e3e-8000-9ba2-01075c01075c_3576 "MMVA Account Team"
content 66847 _a-0000ef01-1e8e-8000-9c51-011c48011c48_678958 "MMVA_displayReport"

Referenced precedents that were not exported (2):
group 810 fc0422ed-3913-4e33-9129-88d7a3f910c4
content 39462 cdc99331-32be-4cc4-bd08-92476497169f

Trace:
2025-12-22 21:48:26.649 DEBUG group 892 _e-0000ef01-1e3e-8000-9ba2-01075c01075c_3576 Begin transport.
2025-12-22 21:48:26.649 DEBUG group 892 _e-0000ef01-1e3e-8000-9ba2-01075c01075c_3576 Retrieving object data.
2025-12-22 21:48:26.659 DEBUG group 892 _e-0000ef01-1e3e-8000-9ba2-01075c01075c_3576 Setting uuids of object references.
2025-12-22 21:48:26.659 DEBUG group 892 _e-0000ef01-1e3e-8000-9ba2-01075c01075c_3576 Processing reference: Role[name=<null>,groupIds=[810]]
2025-12-22 21:48:26.66 DEBUG group 892 _e-0000ef01-1e3e-8000-9ba2-01075c01075c_3576 Processing reference: Group.groupTypeId
2025-12-22 21:48:26.661 DEBUG group 892 _e-0000ef01-1e3e-8000-9ba2-01075c01075c_3576 Processing reference: Group.parentId
2025-12-22 21:48:26.661 DEBUG group 892 _e-0000ef01-1e3e-8000-9ba2-01075c01075c_3576 Processing reference: Group.homePageId
2025-12-22 21:48:26.661 DEBUG group 892 _e-0000ef01-1e3e-8000-9ba2-01075c01075c_3576 Processing reference: Role[name=<null>]
2025-12-22 21:48:26.661 DEBUG group 892 _e-0000ef01-1e3e-8000-9ba2-01075c01075c_3576 Exporting binary resources.
2025-12-22 21:48:26.661 DEBUG group 892 _e-0000ef01-1e3e-8000-9ba2-01075c01075c_3576 Serializing object to XML.
2025-12-22 21:48:26.662 DEBUG group 892 _e-0000ef01-1e3e-8000-9ba2-01075c01075c_3576 Object transported.
2025-12-22 21:48:26.664 DEBUG content 66847 _a-0000ef01-1e8e-8000-9c51-011c48011c48_678958 Begin transport.
2025-12-22 21:48:26.664 DEBUG content 66847 _a-0000ef01-1e8e-8000-9c51-011c48011c48_678958 Retrieving object data.
2025-12-22 21:48:26.674 DEBUG content 66847 _a-0000ef01-1e8e-8000-9c51-011c48011c48_678958 Setting uuids of object references.
2025-12-22 21:48:26.674 DEBUG content 66847 _a-0000ef01-1e8e-8000-9c51-011c48011c48_678958 Processing reference: [Content:id=66846,versionId=-1,name=MMVA_displayReport,type=32,subtype=6,uuid=_a-0000ef01-1e8e-8000-9c51-011c48011c48_678958,parent=39462]
2025-12-22 21:48:26.685 DEBUG content 66847 _a-0000ef01-1e8e-8000-9c51-011c48011c48_678958 Processing reference: Interface.forum
2025-12-22 21:48:26.685 DEBUG content 66847 _a-0000ef01-1e8e-8000-9c51-011c48011c48_678958 Processing reference: Interface.parent
2025-12-22 21:48:26.688 DEBUG content 66847 _a-0000ef01-1e8e-8000-9c51-011c48011c48_678958 Processing reference: com.appiancorp.suiteapi.content.ContentRoleMap@263eefe[
  ContentRole[name=readers,inherit=true,allowForAll=false]
  ContentRole[name=authors,inherit=true,allowForAll=false]
  ContentRole[name=administrators,inherit=true,allowForAll=false]
  ContentRole[name=denyReaders,inherit=false,allowForAll=false]
  ContentRole[name=denyAuthors,inherit=false,allowForAll=false]
  ContentRole[name=denyAdministrators,inherit=false,allowForAll=false]
  securityVector=15:SEC_PUBLIC=true,SEC_CREATOR_ADMIN=false,SEC_INH_ADMIN=true,SEC_INH_EDITOR=true,SEC_INH_VIEWER=true,SEC_ALL_ADMIN=false,SEC_ALL_EDITOR=false,SEC_ALL_VIEWER=false
]
2025-12-22 21:48:26.688 DEBUG content 66847 _a-0000ef01-1e8e-8000-9c51-011c48011c48_678958 Processing reference: ContentRole[name=readers,inherit=true,allowForAll=false]
2025-12-22 21:48:26.688 DEBUG content 66847 _a-0000ef01-1e8e-8000-9c51-011c48011c48_678958 Processing reference: ContentRole[name=authors,inherit=true,allowForAll=false]
2025-12-22 21:48:26.688 DEBUG content 66847 _a-0000ef01-1e8e-8000-9c51-011c48011c48_678958 Processing reference: ContentRole[name=administrators,inherit=true,allowForAll=false]
2025-12-22 21:48:26.688 DEBUG content 66847 _a-0000ef01-1e8e-8000-9c51-011c48011c48_678958 Processing reference: ContentRole[name=denyReaders,inherit=false,allowForAll=false]
2025-12-22 21:48:26.688 DEBUG content 66847 _a-0000ef01-1e8e-8000-9c51-011c48011c48_678958 Processing reference: ContentRole[name=denyAuthors,inherit=false,allowForAll=false]
2025-12-22 21:48:26.688 DEBUG content 66847 _a-0000ef01-1e8e-8000-9c51-011c48011c48_678958 Processing reference: ContentRole[name=denyAdministrators,inherit=false,allowForAll=false]
2025-12-22 21:48:26.689 DEBUG content 66847 _a-0000ef01-1e8e-8000-9c51-011c48011c48_678958 Exporting binary resources.
2025-12-22 21:48:26.689 DEBUG content 66847 _a-0000ef01-1e8e-8000-9c51-011c48011c48_678958 Serializing object to XML.
2025-12-22 21:48:26.689 DEBUG content 66847 _a-0000ef01-1e8e-8000-9c51-011c48011c48_678958 Object transported.
